<?xml version="1.0" encoding="UTF-8"?>
<testng-results ignored="0" total="1" passed="1" failed="0" skipped="0">
  <reporter-output>
  </reporter-output>
  <suite started-at="2023-03-29T17:21:33 IST" name="Default suite" finished-at="2023-03-29T17:21:33 IST" duration-ms="51">
    <groups>
    </groups>
    <test started-at="2023-03-29T17:21:33 IST" name="Default test" finished-at="2023-03-29T17:21:33 IST" duration-ms="51">
      <class name="CollectionsPractice.Practice">
        <test-method signature="m1()[pri:0, instance:CollectionsPractice.Practice@37d4349f]" started-at="2023-03-29T17:21:33 IST" name="m1" finished-at="2023-03-29T17:21:33 IST" duration-ms="10" status="PASS">
          <reporter-output>
          </reporter-output>
        </test-method> <!-- m1 -->
      </class> <!-- CollectionsPractice.Practice -->
    </test> <!-- Default test -->
  </suite> <!-- Default suite -->
</testng-results>
